2.7881 	WARNING 	Movie2 stim could not be imported and won't be available
2.8836 	WARNING 	TextBox stim could not be imported and won't be available.
2.8837 	WARNING 	TextBox Font Manager Found No Fonts.
21.5692 	DATA 	Keypress: space
22.6887 	DATA 	Keypress: v
22.8893 	DATA 	Keypress: v
23.0230 	DATA 	Keypress: v
23.2235 	DATA 	Keypress: v
23.4909 	DATA 	Keypress: v
23.7248 	DATA 	Keypress: v
23.8920 	DATA 	Keypress: v
24.0926 	DATA 	Keypress: v
24.2597 	DATA 	Keypress: v
24.4601 	DATA 	Keypress: v
24.6273 	DATA 	Keypress: v
24.8278 	DATA 	Keypress: v
24.9615 	DATA 	Keypress: v
25.3291 	DATA 	Keypress: v
25.5630 	DATA 	Keypress: v
25.7302 	DATA 	Keypress: v
25.8973 	DATA 	Keypress: v
26.0652 	DATA 	Keypress: v
26.2315 	DATA 	Keypress: v
26.3987 	DATA 	Keypress: v
26.5992 	DATA 	Keypress: v
26.7662 	DATA 	Keypress: v
26.9669 	DATA 	Keypress: v
27.1673 	DATA 	Keypress: v
27.3345 	DATA 	Keypress: v
27.5017 	DATA 	Keypress: v
27.7022 	DATA 	Keypress: v
27.8694 	DATA 	Keypress: v
28.0363 	DATA 	Keypress: v
28.2369 	DATA 	Keypress: v
28.4040 	DATA 	Keypress: v
28.8720 	DATA 	Keypress: v
29.0734 	DATA 	Keypress: v
29.3065 	DATA 	Keypress: v
29.5070 	DATA 	Keypress: v
29.7076 	DATA 	Keypress: v
29.8747 	DATA 	Keypress: v
30.1086 	DATA 	Keypress: v
30.3425 	DATA 	Keypress: v
30.5097 	DATA 	Keypress: v
30.8105 	DATA 	Keypress: v
30.9777 	DATA 	Keypress: v
31.1450 	DATA 	Keypress: v
31.3786 	DATA 	Keypress: v
31.6126 	DATA 	Keypress: v
31.7798 	DATA 	Keypress: v
32.1474 	DATA 	Keypress: v
32.3479 	DATA 	Keypress: v
32.5150 	DATA 	Keypress: v
32.7825 	DATA 	Keypress: v
32.9829 	DATA 	Keypress: v
33.1834 	DATA 	Keypress: v
33.3506 	DATA 	Keypress: v
33.6515 	DATA 	Keypress: v
33.8520 	DATA 	Keypress: v
34.0525 	DATA 	Keypress: v
34.2530 	DATA 	Keypress: v
51.2652 	DATA 	Keypress: t
51.4657 	DATA 	Keypress: t
51.6671 	DATA 	Keypress: t
51.8335 	DATA 	Keypress: t
52.0339 	DATA 	Keypress: t
52.2009 	DATA 	Keypress: t
52.3347 	DATA 	Keypress: t
52.5352 	DATA 	Keypress: t
52.7358 	DATA 	Keypress: t
52.9029 	DATA 	Keypress: t
53.1034 	DATA 	Keypress: t
53.2371 	DATA 	Keypress: t
53.4042 	DATA 	Keypress: t
53.6383 	DATA 	Keypress: t
53.8387 	DATA 	Keypress: t
54.0058 	DATA 	Keypress: t
54.2063 	DATA 	Keypress: t
54.3735 	DATA 	Keypress: t
54.5740 	DATA 	Keypress: t
54.7746 	DATA 	Keypress: t
54.9417 	DATA 	Keypress: t
55.1088 	DATA 	Keypress: t
55.3093 	DATA 	Keypress: t
55.4763 	DATA 	Keypress: t
55.6435 	DATA 	Keypress: t
55.8107 	DATA 	Keypress: t
55.9777 	DATA 	Keypress: t
56.1449 	DATA 	Keypress: t
56.3454 	DATA 	Keypress: t
56.4791 	DATA 	Keypress: t
56.6463 	DATA 	Keypress: t
56.8133 	DATA 	Keypress: t
57.0139 	DATA 	Keypress: t
57.1809 	DATA 	Keypress: t
57.3481 	DATA 	Keypress: t
57.5487 	DATA 	Keypress: t
57.7491 	DATA 	Keypress: t
57.9832 	DATA 	Keypress: t
58.2174 	DATA 	Keypress: t
58.4511 	DATA 	Keypress: t
58.6516 	DATA 	Keypress: t
58.8520 	DATA 	Keypress: t
59.0527 	DATA 	Keypress: t
59.2532 	DATA 	Keypress: t
59.4203 	DATA 	Keypress: t
59.6877 	DATA 	Keypress: t
59.8882 	DATA 	Keypress: t
60.0887 	DATA 	Keypress: t
60.3227 	DATA 	Keypress: t
60.4898 	DATA 	Keypress: t
60.6578 	DATA 	Keypress: t
60.8576 	DATA 	Keypress: t
61.0915 	DATA 	Keypress: t
61.2920 	DATA 	Keypress: t
61.6263 	DATA 	Keypress: t
61.8601 	DATA 	Keypress: t
62.0941 	DATA 	Keypress: t
62.3615 	DATA 	Keypress: t
62.5621 	DATA 	Keypress: t
63.4979 	DATA 	Keypress: t
63.6984 	DATA 	Keypress: t
63.8990 	DATA 	Keypress: t
64.5006 	DATA 	Keypress: t
64.7680 	DATA 	Keypress: t
94.6145 	DATA 	Keypress: v
94.8484 	DATA 	Keypress: v
95.0155 	DATA 	Keypress: v
95.1828 	DATA 	Keypress: v
95.3162 	DATA 	Keypress: v
95.5168 	DATA 	Keypress: v
95.7174 	DATA 	Keypress: v
95.9179 	DATA 	Keypress: v
96.0517 	DATA 	Keypress: v
96.1863 	DATA 	Keypress: v
96.4861 	DATA 	Keypress: v
96.6867 	DATA 	Keypress: v
96.8871 	DATA 	Keypress: v
97.0543 	DATA 	Keypress: v
97.2213 	DATA 	Keypress: v
97.4220 	DATA 	Keypress: v
97.5557 	DATA 	Keypress: v
97.7562 	DATA 	Keypress: v
97.9233 	DATA 	Keypress: v
98.0905 	DATA 	Keypress: v
98.4246 	DATA 	Keypress: v
98.6251 	DATA 	Keypress: v
98.8257 	DATA 	Keypress: v
99.0263 	DATA 	Keypress: v
99.1934 	DATA 	Keypress: v
99.3939 	DATA 	Keypress: v
99.5610 	DATA 	Keypress: v
99.7281 	DATA 	Keypress: v
99.9286 	DATA 	Keypress: v
100.0958 	DATA 	Keypress: v
100.2963 	DATA 	Keypress: v
100.4633 	DATA 	Keypress: v
100.6640 	DATA 	Keypress: v
100.8646 	DATA 	Keypress: v
101.0662 	DATA 	Keypress: v
101.2664 	DATA 	Keypress: v
101.4664 	DATA 	Keypress: v
101.6667 	DATA 	Keypress: v
101.8672 	DATA 	Keypress: v
102.0343 	DATA 	Keypress: v
102.2349 	DATA 	Keypress: v
102.4353 	DATA 	Keypress: v
102.6360 	DATA 	Keypress: v
102.8030 	DATA 	Keypress: v
103.0370 	DATA 	Keypress: v
103.2709 	DATA 	Keypress: v
103.4046 	DATA 	Keypress: v
103.6385 	DATA 	Keypress: v
103.8057 	DATA 	Keypress: v
103.9728 	DATA 	Keypress: v
104.1734 	DATA 	Keypress: v
104.3738 	DATA 	Keypress: v
104.5410 	DATA 	Keypress: v
104.7081 	DATA 	Keypress: v
104.9087 	DATA 	Keypress: v
119.6982 	DATA 	Keypress: t
119.8987 	DATA 	Keypress: t
120.0667 	DATA 	Keypress: t
120.2664 	DATA 	Keypress: t
120.4334 	DATA 	Keypress: t
120.6006 	DATA 	Keypress: t
120.8011 	DATA 	Keypress: t
121.0352 	DATA 	Keypress: t
121.2356 	DATA 	Keypress: t
121.4362 	DATA 	Keypress: t
121.6702 	DATA 	Keypress: t
121.8371 	DATA 	Keypress: t
122.0043 	DATA 	Keypress: t
122.2048 	DATA 	Keypress: t
122.4055 	DATA 	Keypress: t
122.6059 	DATA 	Keypress: t
122.8066 	DATA 	Keypress: t
123.0070 	DATA 	Keypress: t
123.1741 	DATA 	Keypress: t
123.3413 	DATA 	Keypress: t
123.5083 	DATA 	Keypress: t
123.7089 	DATA 	Keypress: t
123.9095 	DATA 	Keypress: t
124.1099 	DATA 	Keypress: t
124.3439 	DATA 	Keypress: t
124.5445 	DATA 	Keypress: t
124.9456 	DATA 	Keypress: t
125.1127 	DATA 	Keypress: t
125.2798 	DATA 	Keypress: t
125.5138 	DATA 	Keypress: t
125.7150 	DATA 	Keypress: t
125.9148 	DATA 	Keypress: t
143.5955 	DATA 	Keypress: v
143.7960 	DATA 	Keypress: v
143.9296 	DATA 	Keypress: v
144.0633 	DATA 	Keypress: v
144.3641 	DATA 	Keypress: v
144.5648 	DATA 	Keypress: v
144.7317 	DATA 	Keypress: v
144.8990 	DATA 	Keypress: v
145.0326 	DATA 	Keypress: v
145.1997 	DATA 	Keypress: v
145.3334 	DATA 	Keypress: v
145.4671 	DATA 	Keypress: v
145.6342 	DATA 	Keypress: v
145.8348 	DATA 	Keypress: v
146.0018 	DATA 	Keypress: v
146.1690 	DATA 	Keypress: v
146.3360 	DATA 	Keypress: v
146.5366 	DATA 	Keypress: v
146.7372 	DATA 	Keypress: v
146.9043 	DATA 	Keypress: v
147.0714 	DATA 	Keypress: v
147.2385 	DATA 	Keypress: v
147.4056 	DATA 	Keypress: v
147.6397 	DATA 	Keypress: v
147.8067 	DATA 	Keypress: v
148.0072 	DATA 	Keypress: v
148.2080 	DATA 	Keypress: v
148.4083 	DATA 	Keypress: v
148.6423 	DATA 	Keypress: v
148.7759 	DATA 	Keypress: v
149.0434 	DATA 	Keypress: v
149.1770 	DATA 	Keypress: v
149.4110 	DATA 	Keypress: v
149.5446 	DATA 	Keypress: v
149.7117 	DATA 	Keypress: v
149.8789 	DATA 	Keypress: v
150.0795 	DATA 	Keypress: v
150.2465 	DATA 	Keypress: v
150.5808 	DATA 	Keypress: v
150.8482 	DATA 	Keypress: v
151.0487 	DATA 	Keypress: v
151.2826 	DATA 	Keypress: v
151.5835 	DATA 	Keypress: v
151.7839 	DATA 	Keypress: v
152.0180 	DATA 	Keypress: v
152.3188 	DATA 	Keypress: v
152.5527 	DATA 	Keypress: v
152.7533 	DATA 	Keypress: v
152.9537 	DATA 	Keypress: v
153.1877 	DATA 	Keypress: v
153.5553 	DATA 	Keypress: v
153.7560 	DATA 	Keypress: v
154.0234 	DATA 	Keypress: v
154.3242 	DATA 	Keypress: v
154.7253 	DATA 	Keypress: v
155.1932 	DATA 	Keypress: v
155.4271 	DATA 	Keypress: v
168.6124 	DATA 	Keypress: t
168.7795 	DATA 	Keypress: t
168.9800 	DATA 	Keypress: t
169.1137 	DATA 	Keypress: t
169.2474 	DATA 	Keypress: t
169.4145 	DATA 	Keypress: t
169.5816 	DATA 	Keypress: t
169.7487 	DATA 	Keypress: t
169.9493 	DATA 	Keypress: t
170.1162 	DATA 	Keypress: t
170.2835 	DATA 	Keypress: t
170.4506 	DATA 	Keypress: t
170.5843 	DATA 	Keypress: t
170.7514 	DATA 	Keypress: t
170.9185 	DATA 	Keypress: t
171.0857 	DATA 	Keypress: t
171.3531 	DATA 	Keypress: t
171.4867 	DATA 	Keypress: t
171.6539 	DATA 	Keypress: t
171.8209 	DATA 	Keypress: t
171.9881 	DATA 	Keypress: t
172.1561 	DATA 	Keypress: t
172.3223 	DATA 	Keypress: t
172.6900 	DATA 	Keypress: t
172.8905 	DATA 	Keypress: t
173.0575 	DATA 	Keypress: t
173.2581 	DATA 	Keypress: t
173.3918 	DATA 	Keypress: t
173.5589 	DATA 	Keypress: t
173.7260 	DATA 	Keypress: t
173.9266 	DATA 	Keypress: t
174.0938 	DATA 	Keypress: t
174.3610 	DATA 	Keypress: t
174.5616 	DATA 	Keypress: t
174.6953 	DATA 	Keypress: t
174.9627 	DATA 	Keypress: t
175.0964 	DATA 	Keypress: t
175.2967 	DATA 	Keypress: t
175.9320 	DATA 	Keypress: t
176.0998 	DATA 	Keypress: t
176.2995 	DATA 	Keypress: t
176.4667 	DATA 	Keypress: t
176.6673 	DATA 	Keypress: t
176.8344 	DATA 	Keypress: t
177.0014 	DATA 	Keypress: t
177.1684 	DATA 	Keypress: t
177.3357 	DATA 	Keypress: t
177.5361 	DATA 	Keypress: t
177.7368 	DATA 	Keypress: t
177.9038 	DATA 	Keypress: t
178.1044 	DATA 	Keypress: t
178.3048 	DATA 	Keypress: t
178.4719 	DATA 	Keypress: t
178.7060 	DATA 	Keypress: t
178.9399 	DATA 	Keypress: t
179.1071 	DATA 	Keypress: t
179.3076 	DATA 	Keypress: t
179.5082 	DATA 	Keypress: t
179.7087 	DATA 	Keypress: t
179.8759 	DATA 	Keypress: t
180.1098 	DATA 	Keypress: t
180.3102 	DATA 	Keypress: t
186.3264 	DATA 	Keypress: v
186.4601 	DATA 	Keypress: v
186.6279 	DATA 	Keypress: v
186.7943 	DATA 	Keypress: v
193.7797 	DATA 	Keypress: v
193.9802 	DATA 	Keypress: v
194.1138 	DATA 	Keypress: v
194.3144 	DATA 	Keypress: v
194.4816 	DATA 	Keypress: v
194.6152 	DATA 	Keypress: v
194.7823 	DATA 	Keypress: v
194.9494 	DATA 	Keypress: v
195.1166 	DATA 	Keypress: v
195.2837 	DATA 	Keypress: v
195.4508 	DATA 	Keypress: v
195.6179 	DATA 	Keypress: v
195.8184 	DATA 	Keypress: v
196.0189 	DATA 	Keypress: v
196.1861 	DATA 	Keypress: v
196.3867 	DATA 	Keypress: v
196.5536 	DATA 	Keypress: v
196.7209 	DATA 	Keypress: v
196.9214 	DATA 	Keypress: v
197.1553 	DATA 	Keypress: v
197.4561 	DATA 	Keypress: v
197.7243 	DATA 	Keypress: v
197.9574 	DATA 	Keypress: v
198.1581 	DATA 	Keypress: v
198.3586 	DATA 	Keypress: v
198.5590 	DATA 	Keypress: v
198.7596 	DATA 	Keypress: v
198.9268 	DATA 	Keypress: v
199.1608 	DATA 	Keypress: v
199.3612 	DATA 	Keypress: v
199.5618 	DATA 	Keypress: v
199.7623 	DATA 	Keypress: v
199.9629 	DATA 	Keypress: v
200.1634 	DATA 	Keypress: v
200.3640 	DATA 	Keypress: v
200.5311 	DATA 	Keypress: v
200.7316 	DATA 	Keypress: v
200.8987 	DATA 	Keypress: v
201.1327 	DATA 	Keypress: v
201.3332 	DATA 	Keypress: v
201.5671 	DATA 	Keypress: v
201.7677 	DATA 	Keypress: v
201.9683 	DATA 	Keypress: v
202.2021 	DATA 	Keypress: v
202.4027 	DATA 	Keypress: v
202.6368 	DATA 	Keypress: v
202.9041 	DATA 	Keypress: v
203.0712 	DATA 	Keypress: v
203.8066 	DATA 	Keypress: v
213.0645 	DATA 	Keypress: t
213.2985 	DATA 	Keypress: t
213.4990 	DATA 	Keypress: t
214.0004 	DATA 	Keypress: t
214.1675 	DATA 	Keypress: t
214.3680 	DATA 	Keypress: t
214.5017 	DATA 	Keypress: t
214.6689 	DATA 	Keypress: t
214.9027 	DATA 	Keypress: t
215.0365 	DATA 	Keypress: t
215.2369 	DATA 	Keypress: t
215.4040 	DATA 	Keypress: t
215.6380 	DATA 	Keypress: t
215.9389 	DATA 	Keypress: t
216.1394 	DATA 	Keypress: t
216.3066 	DATA 	Keypress: t
216.5072 	DATA 	Keypress: t
216.6742 	DATA 	Keypress: t
216.8413 	DATA 	Keypress: t
217.0753 	DATA 	Keypress: t
217.2424 	DATA 	Keypress: t
217.4763 	DATA 	Keypress: t
217.7103 	DATA 	Keypress: t
217.9108 	DATA 	Keypress: t
218.1114 	DATA 	Keypress: t
218.3119 	DATA 	Keypress: t
218.5123 	DATA 	Keypress: t
218.7465 	DATA 	Keypress: t
218.9135 	DATA 	Keypress: t
219.1141 	DATA 	Keypress: t
219.3481 	DATA 	Keypress: t
219.5485 	DATA 	Keypress: t
219.7165 	DATA 	Keypress: t
220.0833 	DATA 	Keypress: t
220.3508 	DATA 	Keypress: t
220.5177 	DATA 	Keypress: t
220.7852 	DATA 	Keypress: t
220.9858 	DATA 	Keypress: t
221.2197 	DATA 	Keypress: t
221.4203 	DATA 	Keypress: t
221.6208 	DATA 	Keypress: t
221.9884 	DATA 	Keypress: t
222.1223 	DATA 	Keypress: t
222.3561 	DATA 	Keypress: t
222.5900 	DATA 	Keypress: t
222.8575 	DATA 	Keypress: t
223.0245 	DATA 	Keypress: t
223.2584 	DATA 	Keypress: t
223.7264 	DATA 	Keypress: t
223.8935 	DATA 	Keypress: t
224.0941 	DATA 	Keypress: t
239.5020 	DATA 	Keypress: t
239.7359 	DATA 	Keypress: t
239.9030 	DATA 	Keypress: t
240.1036 	DATA 	Keypress: t
240.2707 	DATA 	Keypress: t
240.6384 	DATA 	Keypress: t
240.8722 	DATA 	Keypress: t
241.1061 	DATA 	Keypress: t
241.3401 	DATA 	Keypress: t
241.5407 	DATA 	Keypress: t
241.8750 	DATA 	Keypress: t
242.2760 	DATA 	Keypress: t
242.5433 	DATA 	Keypress: t
242.7441 	DATA 	Keypress: t
242.9445 	DATA 	Keypress: t
243.2119 	DATA 	Keypress: t
243.4458 	DATA 	Keypress: t
243.7801 	DATA 	Keypress: t
244.0474 	DATA 	Keypress: t
244.2813 	DATA 	Keypress: t
244.4485 	DATA 	Keypress: t
244.7159 	DATA 	Keypress: t
244.8829 	DATA 	Keypress: t
245.1169 	DATA 	Keypress: t
245.2841 	DATA 	Keypress: t
245.4854 	DATA 	Keypress: t
245.7186 	DATA 	Keypress: t
245.8531 	DATA 	Keypress: t
246.0528 	DATA 	Keypress: t
246.3536 	DATA 	Keypress: t
246.5875 	DATA 	Keypress: t
246.7880 	DATA 	Keypress: t
246.9552 	DATA 	Keypress: t
247.1557 	DATA 	Keypress: t
247.3228 	DATA 	Keypress: t
247.5903 	DATA 	Keypress: t
247.8242 	DATA 	Keypress: t
247.9913 	DATA 	Keypress: t
248.1920 	DATA 	Keypress: t
248.4258 	DATA 	Keypress: t
248.6262 	DATA 	Keypress: t
248.7935 	DATA 	Keypress: t
248.9940 	DATA 	Keypress: t
249.1946 	DATA 	Keypress: t
249.4284 	DATA 	Keypress: t
249.5956 	DATA 	Keypress: t
249.8296 	DATA 	Keypress: t
250.0300 	DATA 	Keypress: t
250.3309 	DATA 	Keypress: t
250.7320 	DATA 	Keypress: t
250.8991 	DATA 	Keypress: t
251.1330 	DATA 	Keypress: t
251.3001 	DATA 	Keypress: t
251.5007 	DATA 	Keypress: t
251.7681 	DATA 	Keypress: t
251.9352 	DATA 	Keypress: t
252.1691 	DATA 	Keypress: t
252.3362 	DATA 	Keypress: t
252.5368 	DATA 	Keypress: t
252.7374 	DATA 	Keypress: t
252.9378 	DATA 	Keypress: t
253.1718 	DATA 	Keypress: t
253.4058 	DATA 	Keypress: t
253.6732 	DATA 	Keypress: t
253.9071 	DATA 	Keypress: t
254.2080 	DATA 	Keypress: t
254.4754 	DATA 	Keypress: t
254.6090 	DATA 	Keypress: t
254.8430 	DATA 	Keypress: t
255.1771 	DATA 	Keypress: t
255.3777 	DATA 	Keypress: t
255.5782 	DATA 	Keypress: t
255.7788 	DATA 	Keypress: t
256.0462 	DATA 	Keypress: t
256.2802 	DATA 	Keypress: t
256.5141 	DATA 	Keypress: t
256.6812 	DATA 	Keypress: t
256.8817 	DATA 	Keypress: t
257.0823 	DATA 	Keypress: t
257.3497 	DATA 	Keypress: t
257.5502 	DATA 	Keypress: t
257.7506 	DATA 	Keypress: t
257.9179 	DATA 	Keypress: t
258.1519 	DATA 	Keypress: t
258.3524 	DATA 	Keypress: t
258.4861 	DATA 	Keypress: t
258.6532 	DATA 	Keypress: t
258.8871 	DATA 	Keypress: t
259.1211 	DATA 	Keypress: t
259.3216 	DATA 	Keypress: t
259.4553 	DATA 	Keypress: t
259.7227 	DATA 	Keypress: t
259.9233 	DATA 	Keypress: t
260.1572 	DATA 	Keypress: t
260.3577 	DATA 	Keypress: t
260.6250 	DATA 	Keypress: t
260.8591 	DATA 	Keypress: t
261.0262 	DATA 	Keypress: t
261.2601 	DATA 	Keypress: t
261.5275 	DATA 	Keypress: t
261.7632 	DATA 	Keypress: t
261.9638 	DATA 	Keypress: t
262.1646 	DATA 	Keypress: t
262.3314 	DATA 	Keypress: t
262.5654 	DATA 	Keypress: t
262.7661 	DATA 	Keypress: t
262.9666 	DATA 	Keypress: t
263.1671 	DATA 	Keypress: t
263.4010 	DATA 	Keypress: t
263.5683 	DATA 	Keypress: t
263.8355 	DATA 	Keypress: t
264.1363 	DATA 	Keypress: t
264.3368 	DATA 	Keypress: t
264.5041 	DATA 	Keypress: t
264.7380 	DATA 	Keypress: t
264.9720 	DATA 	Keypress: t
265.2059 	DATA 	Keypress: t
265.4732 	DATA 	Keypress: t
265.7073 	DATA 	Keypress: t
265.9749 	DATA 	Keypress: t
271.4225 	DATA 	Keypress: 5
272.3296 	DATA 	Keypress: return
272.3299 	DATA 	RatingScale teddy_rating: (key response) rating=5
272.3300 	DATA 	RatingScale teddy_rating: rating RT=10.710
272.3300 	DATA 	RatingScale teddy_rating: history=[(None, 0.0), (5, 9.803), (5, 10.71)]
273.5448 	DATA 	Keypress: 1
274.0506 	DATA 	Keypress: return
274.0509 	DATA 	RatingScale MM_rating: (key response) rating=1
274.0510 	DATA 	RatingScale MM_rating: rating RT=1.713
274.0510 	DATA 	RatingScale MM_rating: history=[(None, 0.0), (1, 1.207), (1, 1.713)]
274.9652 	DATA 	Keypress: 4
275.3040 	DATA 	Keypress: return
275.3043 	DATA 	RatingScale BBQ_rating: (key response) rating=4
275.3044 	DATA 	RatingScale BBQ_rating: rating RT=1.245
275.3044 	DATA 	RatingScale BBQ_rating: history=[(None, 0.0), (4, 0.907), (4, 1.245)]
276.8872 	DATA 	Keypress: 2
277.0921 	DATA 	Keypress: return
277.0924 	DATA 	RatingScale Hunger_rating: (key response) rating=2
277.0925 	DATA 	RatingScale Hunger_rating: rating RT=1.780
277.0925 	DATA 	RatingScale Hunger_rating: history=[(None, 0.0), (2, 1.575), (2, 1.78)]
278.5565 	DATA 	Keypress: escape
