3.4570 	WARNING 	Movie2 stim could not be imported and won't be available
3.5499 	WARNING 	TextBox stim could not be imported and won't be available.
3.5499 	WARNING 	TextBox Font Manager Found No Fonts.
35.3532 	DATA 	Keypress: space
36.8071 	DATA 	Keypress: t
37.0410 	DATA 	Keypress: t
37.2082 	DATA 	Keypress: t
37.3753 	DATA 	Keypress: t
37.5758 	DATA 	Keypress: t
37.7429 	DATA 	Keypress: t
37.9435 	DATA 	Keypress: t
38.1105 	DATA 	Keypress: t
38.2777 	DATA 	Keypress: t
38.4448 	DATA 	Keypress: t
38.6119 	DATA 	Keypress: t
38.8124 	DATA 	Keypress: t
39.0129 	DATA 	Keypress: t
39.2136 	DATA 	Keypress: t
39.3806 	DATA 	Keypress: t
39.5479 	DATA 	Keypress: t
39.7483 	DATA 	Keypress: t
39.9488 	DATA 	Keypress: t
40.1160 	DATA 	Keypress: t
40.3165 	DATA 	Keypress: t
40.5504 	DATA 	Keypress: t
40.7512 	DATA 	Keypress: t
40.9514 	DATA 	Keypress: t
41.1519 	DATA 	Keypress: t
41.4527 	DATA 	Keypress: t
41.6534 	DATA 	Keypress: t
41.8539 	DATA 	Keypress: t
42.0210 	DATA 	Keypress: t
42.2550 	DATA 	Keypress: t
42.4556 	DATA 	Keypress: t
42.6895 	DATA 	Keypress: t
42.8566 	DATA 	Keypress: t
43.0571 	DATA 	Keypress: t
43.2242 	DATA 	Keypress: t
43.4248 	DATA 	Keypress: t
43.6587 	DATA 	Keypress: t
43.8592 	DATA 	Keypress: t
44.0598 	DATA 	Keypress: t
44.2278 	DATA 	Keypress: t
44.4276 	DATA 	Keypress: t
44.8954 	DATA 	Keypress: v
45.0624 	DATA 	Keypress: v
45.2296 	DATA 	Keypress: v
45.3967 	DATA 	Keypress: v
45.5639 	DATA 	Keypress: v
45.7644 	DATA 	Keypress: v
45.9315 	DATA 	Keypress: v
46.1321 	DATA 	Keypress: v
46.3326 	DATA 	Keypress: v
46.7671 	DATA 	Keypress: t
46.9676 	DATA 	Keypress: t
47.1346 	DATA 	Keypress: t
47.3018 	DATA 	Keypress: t
47.4690 	DATA 	Keypress: t
47.6026 	DATA 	Keypress: t
47.7696 	DATA 	Keypress: t
48.0371 	DATA 	Keypress: t
48.1372 	DATA 	Keypress: t
48.3378 	DATA 	Keypress: t
48.5050 	DATA 	Keypress: t
48.7055 	DATA 	Keypress: t
48.9061 	DATA 	Keypress: t
49.4409 	DATA 	Keypress: t
49.6414 	DATA 	Keypress: t
49.8418 	DATA 	Keypress: t
60.5372 	DATA 	Keypress: g
60.5706 	DATA 	Keypress: t
61.0386 	DATA 	Keypress: t
61.3059 	DATA 	Keypress: t
61.6735 	DATA 	Keypress: t
61.9410 	DATA 	Keypress: t
62.2084 	DATA 	Keypress: t
62.6429 	DATA 	Keypress: t
62.9770 	DATA 	Keypress: t
63.3782 	DATA 	Keypress: t
63.6121 	DATA 	Keypress: t
64.0801 	DATA 	Keypress: t
64.3808 	DATA 	Keypress: t
64.6148 	DATA 	Keypress: t
64.8821 	DATA 	Keypress: t
66.0185 	DATA 	Keypress: t
66.2525 	DATA 	Keypress: t
66.4865 	DATA 	Keypress: t
66.7205 	DATA 	Keypress: t
66.9544 	DATA 	Keypress: t
67.1549 	DATA 	Keypress: t
67.3889 	DATA 	Keypress: t
67.6897 	DATA 	Keypress: t
67.9570 	DATA 	Keypress: t
68.1911 	DATA 	Keypress: t
68.3916 	DATA 	Keypress: t
68.6255 	DATA 	Keypress: t
68.8260 	DATA 	Keypress: t
69.0601 	DATA 	Keypress: t
69.2605 	DATA 	Keypress: t
69.4945 	DATA 	Keypress: t
69.7284 	DATA 	Keypress: t
69.9624 	DATA 	Keypress: t
70.1630 	DATA 	Keypress: t
70.3638 	DATA 	Keypress: t
70.6309 	DATA 	Keypress: t
70.8648 	DATA 	Keypress: t
71.1323 	DATA 	Keypress: t
71.3661 	DATA 	Keypress: t
71.5666 	DATA 	Keypress: t
88.8128 	DATA 	Keypress: t
89.0134 	DATA 	Keypress: t
89.1470 	DATA 	Keypress: t
89.3475 	DATA 	Keypress: t
89.4812 	DATA 	Keypress: t
89.6819 	DATA 	Keypress: t
89.8490 	DATA 	Keypress: t
90.0160 	DATA 	Keypress: t
93.2247 	DATA 	Keypress: t
93.4586 	DATA 	Keypress: t
93.6926 	DATA 	Keypress: t
93.9265 	DATA 	Keypress: t
94.1940 	DATA 	Keypress: t
94.4615 	DATA 	Keypress: t
95.1300 	DATA 	Keypress: t
95.5308 	DATA 	Keypress: t
119.6955 	DATA 	Keypress: v
132.0285 	DATA 	Keypress: v
132.2290 	DATA 	Keypress: v
132.3961 	DATA 	Keypress: v
132.5633 	DATA 	Keypress: v
132.7304 	DATA 	Keypress: v
132.8974 	DATA 	Keypress: v
133.0645 	DATA 	Keypress: v
133.3320 	DATA 	Keypress: v
133.5659 	DATA 	Keypress: v
133.7331 	DATA 	Keypress: v
133.9336 	DATA 	Keypress: v
134.1007 	DATA 	Keypress: v
134.3012 	DATA 	Keypress: v
134.4683 	DATA 	Keypress: v
134.6354 	DATA 	Keypress: v
134.8360 	DATA 	Keypress: v
135.0031 	DATA 	Keypress: v
135.2705 	DATA 	Keypress: v
135.4710 	DATA 	Keypress: v
135.7049 	DATA 	Keypress: v
135.9055 	DATA 	Keypress: v
136.1061 	DATA 	Keypress: v
136.3066 	DATA 	Keypress: v
136.5071 	DATA 	Keypress: v
136.7077 	DATA 	Keypress: v
136.9415 	DATA 	Keypress: v
137.1421 	DATA 	Keypress: v
137.3762 	DATA 	Keypress: v
137.5432 	DATA 	Keypress: v
137.7772 	DATA 	Keypress: v
138.0112 	DATA 	Keypress: v
138.4121 	DATA 	Keypress: v
138.6463 	DATA 	Keypress: v
138.8467 	DATA 	Keypress: v
139.0472 	DATA 	Keypress: v
139.2478 	DATA 	Keypress: v
139.4483 	DATA 	Keypress: v
139.6489 	DATA 	Keypress: v
139.8159 	DATA 	Keypress: v
140.0165 	DATA 	Keypress: v
140.2505 	DATA 	Keypress: v
140.4511 	DATA 	Keypress: v
140.6515 	DATA 	Keypress: v
140.8521 	DATA 	Keypress: v
141.0526 	DATA 	Keypress: v
141.2866 	DATA 	Keypress: v
141.4871 	DATA 	Keypress: v
141.6876 	DATA 	Keypress: v
141.8882 	DATA 	Keypress: v
142.0887 	DATA 	Keypress: v
142.3227 	DATA 	Keypress: v
142.5232 	DATA 	Keypress: v
142.7238 	DATA 	Keypress: v
142.9242 	DATA 	Keypress: v
143.1248 	DATA 	Keypress: v
143.3254 	DATA 	Keypress: v
143.5926 	DATA 	Keypress: v
156.8115 	DATA 	Keypress: t
157.0120 	DATA 	Keypress: t
157.2126 	DATA 	Keypress: t
157.3797 	DATA 	Keypress: t
157.5803 	DATA 	Keypress: t
157.8141 	DATA 	Keypress: t
158.0481 	DATA 	Keypress: t
158.3491 	DATA 	Keypress: t
158.5495 	DATA 	Keypress: t
158.8502 	DATA 	Keypress: t
159.0842 	DATA 	Keypress: t
159.3516 	DATA 	Keypress: t
160.0869 	DATA 	Keypress: t
160.4211 	DATA 	Keypress: t
160.6550 	DATA 	Keypress: t
160.8556 	DATA 	Keypress: t
161.0562 	DATA 	Keypress: t
161.2233 	DATA 	Keypress: t
161.5574 	DATA 	Keypress: t
162.0254 	DATA 	Keypress: t
162.1925 	DATA 	Keypress: t
162.3596 	DATA 	Keypress: t
162.5602 	DATA 	Keypress: t
162.7272 	DATA 	Keypress: t
162.9947 	DATA 	Keypress: t
163.1953 	DATA 	Keypress: t
163.3623 	DATA 	Keypress: t
163.5628 	DATA 	Keypress: t
163.7634 	DATA 	Keypress: t
163.9639 	DATA 	Keypress: t
164.1645 	DATA 	Keypress: t
164.3316 	DATA 	Keypress: t
164.5321 	DATA 	Keypress: t
164.7660 	DATA 	Keypress: t
164.9665 	DATA 	Keypress: t
165.1337 	DATA 	Keypress: t
165.3677 	DATA 	Keypress: t
165.5348 	DATA 	Keypress: t
165.7687 	DATA 	Keypress: t
165.9692 	DATA 	Keypress: t
166.1698 	DATA 	Keypress: t
166.4706 	DATA 	Keypress: t
166.6711 	DATA 	Keypress: t
166.8717 	DATA 	Keypress: t
167.0387 	DATA 	Keypress: t
167.2059 	DATA 	Keypress: t
167.5068 	DATA 	Keypress: t
183.9174 	DATA 	Keypress: t
184.1847 	DATA 	Keypress: t
184.4186 	DATA 	Keypress: t
184.5857 	DATA 	Keypress: t
184.8196 	DATA 	Keypress: t
185.0871 	DATA 	Keypress: t
185.3879 	DATA 	Keypress: t
185.6219 	DATA 	Keypress: t
185.8224 	DATA 	Keypress: t
186.0564 	DATA 	Keypress: t
186.2903 	DATA 	Keypress: t
186.5243 	DATA 	Keypress: t
186.7583 	DATA 	Keypress: t
187.0256 	DATA 	Keypress: t
187.2930 	DATA 	Keypress: t
187.5270 	DATA 	Keypress: t
187.8612 	DATA 	Keypress: t
188.2289 	DATA 	Keypress: t
188.4961 	DATA 	Keypress: t
188.7302 	DATA 	Keypress: t
188.9306 	DATA 	Keypress: t
189.1647 	DATA 	Keypress: t
189.3652 	DATA 	Keypress: t
189.5658 	DATA 	Keypress: t
189.7662 	DATA 	Keypress: t
190.0003 	DATA 	Keypress: t
190.1673 	DATA 	Keypress: t
190.3679 	DATA 	Keypress: t
190.5351 	DATA 	Keypress: t
190.7689 	DATA 	Keypress: t
190.9027 	DATA 	Keypress: t
191.1701 	DATA 	Keypress: t
191.3372 	DATA 	Keypress: t
191.5377 	DATA 	Keypress: t
204.7731 	DATA 	Keypress: t
205.0071 	DATA 	Keypress: t
205.2077 	DATA 	Keypress: t
205.3748 	DATA 	Keypress: t
205.6087 	DATA 	Keypress: t
205.8092 	DATA 	Keypress: t
206.0097 	DATA 	Keypress: t
206.2102 	DATA 	Keypress: t
206.3774 	DATA 	Keypress: t
206.6113 	DATA 	Keypress: t
206.8118 	DATA 	Keypress: t
207.0124 	DATA 	Keypress: t
207.2130 	DATA 	Keypress: t
207.4135 	DATA 	Keypress: t
207.6141 	DATA 	Keypress: t
207.7812 	DATA 	Keypress: t
207.9817 	DATA 	Keypress: t
208.1488 	DATA 	Keypress: t
208.3828 	DATA 	Keypress: t
208.6167 	DATA 	Keypress: t
208.7837 	DATA 	Keypress: t
208.9509 	DATA 	Keypress: t
209.1184 	DATA 	Keypress: t
209.3186 	DATA 	Keypress: t
209.5191 	DATA 	Keypress: t
209.7197 	DATA 	Keypress: t
210.5217 	DATA 	Keypress: t
210.7892 	DATA 	Keypress: t
210.9896 	DATA 	Keypress: t
211.5579 	DATA 	Keypress: t
211.7584 	DATA 	Keypress: t
212.2598 	DATA 	Keypress: t
212.4938 	DATA 	Keypress: t
212.6944 	DATA 	Keypress: t
212.9616 	DATA 	Keypress: t
213.1956 	DATA 	Keypress: t
213.3962 	DATA 	Keypress: t
214.5667 	DATA 	Keypress: t
214.7998 	DATA 	Keypress: t
215.0004 	DATA 	Keypress: t
215.2010 	DATA 	Keypress: t
215.4684 	DATA 	Keypress: t
215.6355 	DATA 	Keypress: t
215.8360 	DATA 	Keypress: t
216.0365 	DATA 	Keypress: t
216.2371 	DATA 	Keypress: t
223.0220 	DATA 	Keypress: t
229.0379 	DATA 	Keypress: t
229.2385 	DATA 	Keypress: t
229.4390 	DATA 	Keypress: t
229.6062 	DATA 	Keypress: t
229.7732 	DATA 	Keypress: t
230.0073 	DATA 	Keypress: t
230.3080 	DATA 	Keypress: t
230.5755 	DATA 	Keypress: t
230.7760 	DATA 	Keypress: t
230.9765 	DATA 	Keypress: t
231.2105 	DATA 	Keypress: t
231.5448 	DATA 	Keypress: t
231.7452 	DATA 	Keypress: t
231.9123 	DATA 	Keypress: t
232.1463 	DATA 	Keypress: t
232.3801 	DATA 	Keypress: t
232.6141 	DATA 	Keypress: t
232.8482 	DATA 	Keypress: t
233.1490 	DATA 	Keypress: t
233.3829 	DATA 	Keypress: t
233.5834 	DATA 	Keypress: t
233.8174 	DATA 	Keypress: t
234.0514 	DATA 	Keypress: t
234.2854 	DATA 	Keypress: t
234.5193 	DATA 	Keypress: t
234.7533 	DATA 	Keypress: t
235.0207 	DATA 	Keypress: t
235.2212 	DATA 	Keypress: t
235.4552 	DATA 	Keypress: t
235.6229 	DATA 	Keypress: t
235.8562 	DATA 	Keypress: t
236.1236 	DATA 	Keypress: t
236.3576 	DATA 	Keypress: t
236.5581 	DATA 	Keypress: t
236.7586 	DATA 	Keypress: t
236.9590 	DATA 	Keypress: t
237.1596 	DATA 	Keypress: t
237.3936 	DATA 	Keypress: t
237.6275 	DATA 	Keypress: t
238.0287 	DATA 	Keypress: t
238.2291 	DATA 	Keypress: t
238.4966 	DATA 	Keypress: t
238.6971 	DATA 	Keypress: t
239.4993 	DATA 	Keypress: t
239.6999 	DATA 	Keypress: t
252.0662 	DATA 	Keypress: t
252.3336 	DATA 	Keypress: t
252.5007 	DATA 	Keypress: t
252.7012 	DATA 	Keypress: t
252.9687 	DATA 	Keypress: t
253.1358 	DATA 	Keypress: t
253.4031 	DATA 	Keypress: t
253.6037 	DATA 	Keypress: t
253.8376 	DATA 	Keypress: t
254.0715 	DATA 	Keypress: t
254.3056 	DATA 	Keypress: t
254.5061 	DATA 	Keypress: t
254.7401 	DATA 	Keypress: t
255.0409 	DATA 	Keypress: t
255.2749 	DATA 	Keypress: t
255.5088 	DATA 	Keypress: t
255.7428 	DATA 	Keypress: t
255.9432 	DATA 	Keypress: t
256.1439 	DATA 	Keypress: t
256.3778 	DATA 	Keypress: t
256.5783 	DATA 	Keypress: t
256.7789 	DATA 	Keypress: t
256.9793 	DATA 	Keypress: t
257.1800 	DATA 	Keypress: t
257.4474 	DATA 	Keypress: t
257.6479 	DATA 	Keypress: t
257.8816 	DATA 	Keypress: t
258.1833 	DATA 	Keypress: t
258.7842 	DATA 	Keypress: t
259.0516 	DATA 	Keypress: t
259.9205 	DATA 	Keypress: t
260.1545 	DATA 	Keypress: t
260.6559 	DATA 	Keypress: t
260.8898 	DATA 	Keypress: t
261.1238 	DATA 	Keypress: t
261.3243 	DATA 	Keypress: t
261.5583 	DATA 	Keypress: t
261.7589 	DATA 	Keypress: t
261.9928 	DATA 	Keypress: t
262.1934 	DATA 	Keypress: t
262.4272 	DATA 	Keypress: t
262.6612 	DATA 	Keypress: t
262.8617 	DATA 	Keypress: t
263.2294 	DATA 	Keypress: t
263.4634 	DATA 	Keypress: t
265.3685 	DATA 	Keypress: t
278.6392 	DATA 	Keypress: 4
279.7300 	DATA 	Keypress: return
279.7302 	DATA 	RatingScale teddy_rating: (key response) rating=4
279.7303 	DATA 	RatingScale teddy_rating: rating RT=4.354
279.7303 	DATA 	RatingScale teddy_rating: history=[(None, 0.0), (4, 3.263), (4, 4.354)]
280.5444 	DATA 	Keypress: 6
281.3175 	DATA 	Keypress: return
281.3178 	DATA 	RatingScale MM_rating: (key response) rating=6
281.3179 	DATA 	RatingScale MM_rating: rating RT=1.580
281.3180 	DATA 	RatingScale MM_rating: history=[(None, 0.0), (6, 0.806), (6, 1.579)]
282.5998 	DATA 	Keypress: 4
283.2730 	DATA 	Keypress: return
283.2732 	DATA 	RatingScale BBQ_rating: (key response) rating=4
283.2733 	DATA 	RatingScale BBQ_rating: rating RT=1.947
283.2733 	DATA 	RatingScale BBQ_rating: history=[(None, 0.0), (4, 1.274), (4, 1.947)]
284.5887 	DATA 	Keypress: 2
285.2281 	DATA 	Keypress: return
285.2284 	DATA 	RatingScale Hunger_rating: (key response) rating=2
285.2285 	DATA 	RatingScale Hunger_rating: rating RT=1.947
285.2285 	DATA 	RatingScale Hunger_rating: history=[(None, 0.0), (2, 1.308), (2, 1.947)]
294.6468 	DATA 	Keypress: escape
