3.6398 	WARNING 	Movie2 stim could not be imported and won't be available
3.7276 	WARNING 	TextBox stim could not be imported and won't be available.
3.7277 	WARNING 	TextBox Font Manager Found No Fonts.
42.4788 	DATA 	version A
44.2466 	DATA 	Keypress: 2
45.6544 	DATA 	Keypress: return
45.6547 	DATA 	RatingScale teddy_rating: (key response) rating=2
45.6548 	DATA 	RatingScale teddy_rating: rating RT=2.709
45.6548 	DATA 	RatingScale teddy_rating: history=[(None, 0.0), (2, 1.302), (2, 2.709)]
46.2684 	DATA 	Keypress: 4
46.8078 	DATA 	Keypress: return
46.8081 	DATA 	RatingScale MM_rating: (key response) rating=4
46.8082 	DATA 	RatingScale MM_rating: rating RT=1.145
46.8082 	DATA 	RatingScale MM_rating: history=[(None, 0.0), (4, 0.606), (4, 1.145)]
48.1236 	DATA 	Keypress: 7
48.5290 	DATA 	Keypress: return
48.5293 	DATA 	RatingScale BBQ_rating: (key response) rating=7
48.5294 	DATA 	RatingScale BBQ_rating: rating RT=1.713
48.5295 	DATA 	RatingScale BBQ_rating: history=[(None, 0.0), (7, 1.308), (7, 1.713)]
50.3460 	DATA 	Keypress: 3
50.7514 	DATA 	Keypress: return
50.7517 	DATA 	RatingScale Hunger_rating: (key response) rating=3
50.7518 	DATA 	RatingScale Hunger_rating: rating RT=2.214
50.7518 	DATA 	RatingScale Hunger_rating: history=[(None, 0.0), (3, 1.809), (3, 2.214)]
51.5472 	DATA 	Keypress: space
52.9845 	DATA 	Keypress: v
53.2853 	DATA 	Keypress: v
53.4858 	DATA 	Keypress: v
53.7198 	DATA 	Keypress: v
53.8869 	DATA 	Keypress: v
54.0540 	DATA 	Keypress: v
54.2545 	DATA 	Keypress: v
54.4550 	DATA 	Keypress: v
54.6555 	DATA 	Keypress: v
54.6558 	DATA 	win B
54.8896 	DATA 	Keypress: v
55.7920 	DATA 	Keypress: t
55.9925 	DATA 	Keypress: t
56.1596 	DATA 	Keypress: t
56.3602 	DATA 	Keypress: t
56.5608 	DATA 	Keypress: t
56.7612 	DATA 	Keypress: t
56.9284 	DATA 	Keypress: t
56.9286 	DATA 	win A
57.1289 	DATA 	Keypress: t
57.2960 	DATA 	Keypress: t
58.1317 	DATA 	Keypress: v
58.3321 	DATA 	Keypress: v
58.5327 	DATA 	Keypress: v
58.6997 	DATA 	Keypress: v
58.9003 	DATA 	Keypress: v
59.0674 	DATA 	Keypress: v
59.2680 	DATA 	Keypress: v
59.2683 	DATA 	win B
59.4686 	DATA 	Keypress: v
59.6356 	DATA 	Keypress: v
60.6384 	DATA 	Keypress: v
62.7774 	DATA 	Keypress: t
63.3456 	DATA 	Keypress: t
63.3469 	DATA 	Oops!
64.9165 	DATA 	Keypress: v
65.1504 	DATA 	Keypress: v
65.3508 	DATA 	Keypress: v
65.4845 	DATA 	Keypress: v
65.6517 	DATA 	Keypress: v
65.7855 	DATA 	Keypress: v
65.9859 	DATA 	Keypress: v
66.1865 	DATA 	Keypress: v
66.1868 	DATA 	win B
66.3535 	DATA 	Keypress: v
67.1224 	DATA 	Keypress: v
67.2897 	DATA 	Keypress: v
67.4900 	DATA 	Keypress: v
67.6570 	DATA 	Keypress: v
67.8242 	DATA 	Keypress: v
67.9913 	DATA 	Keypress: v
68.1585 	DATA 	Keypress: v
68.3255 	DATA 	Keypress: v
68.4926 	DATA 	Keypress: v
68.6597 	DATA 	Keypress: v
68.8603 	DATA 	Keypress: v
68.8609 	DATA 	win B
69.0275 	DATA 	Keypress: v
69.7627 	DATA 	Keypress: v
69.9632 	DATA 	Keypress: v
70.1305 	DATA 	Keypress: v
70.2976 	DATA 	Keypress: v
70.4981 	DATA 	Keypress: v
70.6651 	DATA 	Keypress: v
70.8323 	DATA 	Keypress: v
71.0328 	DATA 	Keypress: v
71.1999 	DATA 	Keypress: v
71.2002 	DATA 	win B
71.3671 	DATA 	Keypress: v
71.5342 	DATA 	Keypress: v
72.8712 	DATA 	Keypress: v
73.0048 	DATA 	Keypress: v
73.8738 	DATA 	Keypress: v
74.4754 	DATA 	Keypress: v
75.0770 	DATA 	Keypress: v
75.7788 	DATA 	Keypress: v
75.7799 	DATA 	correct
78.9541 	DATA 	Keypress: t
79.1212 	DATA 	Keypress: t
79.2882 	DATA 	Keypress: t
79.4218 	DATA 	Keypress: t
79.5891 	DATA 	Keypress: t
79.7561 	DATA 	Keypress: t
79.9233 	DATA 	Keypress: t
80.0903 	DATA 	Keypress: t
80.0905 	DATA 	win A
80.2575 	DATA 	Keypress: t
80.4246 	DATA 	Keypress: t
80.5918 	DATA 	Keypress: t
80.7588 	DATA 	Keypress: t
80.9594 	DATA 	Keypress: t
81.1265 	DATA 	Keypress: t
81.2935 	DATA 	Keypress: t
81.4607 	DATA 	Keypress: t
81.6278 	DATA 	Keypress: t
81.7615 	DATA 	Keypress: t
81.9621 	DATA 	Keypress: t
81.9623 	DATA 	win A
82.1626 	DATA 	Keypress: t
82.6974 	DATA 	Keypress: t
82.8979 	DATA 	Keypress: t
83.0984 	DATA 	Keypress: t
83.4661 	DATA 	Keypress: t
83.9675 	DATA 	Keypress: t
84.1345 	DATA 	Keypress: t
84.3016 	DATA 	Keypress: t
84.4687 	DATA 	Keypress: t
84.6359 	DATA 	Keypress: t
84.8364 	DATA 	Keypress: t
85.0035 	DATA 	Keypress: t
85.0038 	DATA 	win A
85.2041 	DATA 	Keypress: t
85.3711 	DATA 	Keypress: t
85.5383 	DATA 	Keypress: t
85.7723 	DATA 	Keypress: t
85.9393 	DATA 	Keypress: t
86.1567 	DATA 	Keypress: t
86.3572 	DATA 	Keypress: t
87.3265 	DATA 	Keypress: v
88.0952 	DATA 	Keypress: v
88.6634 	DATA 	Keypress: v
89.1648 	DATA 	Keypress: v
89.1658 	DATA 	Oops!
90.6186 	DATA 	Keypress: t
90.7857 	DATA 	Keypress: t
90.9194 	DATA 	Keypress: t
91.0864 	DATA 	Keypress: t
91.2536 	DATA 	Keypress: t
91.4542 	DATA 	Keypress: t
91.6212 	DATA 	Keypress: t
91.7884 	DATA 	Keypress: t
91.9888 	DATA 	Keypress: t
91.9890 	DATA 	win A
92.1560 	DATA 	Keypress: t
92.3231 	DATA 	Keypress: t
92.4902 	DATA 	Keypress: t
92.6574 	DATA 	Keypress: t
92.8245 	DATA 	Keypress: t
92.9926 	DATA 	Keypress: t
93.1921 	DATA 	Keypress: t
93.3593 	DATA 	Keypress: t
93.5599 	DATA 	Keypress: t
93.7269 	DATA 	Keypress: t
93.9274 	DATA 	Keypress: t
94.0946 	DATA 	Keypress: t
94.2950 	DATA 	Keypress: t
94.2953 	DATA 	win A
94.4621 	DATA 	Keypress: t
94.6293 	DATA 	Keypress: t
94.7964 	DATA 	Keypress: t
94.9636 	DATA 	Keypress: t
95.1307 	DATA 	Keypress: t
95.3313 	DATA 	Keypress: t
95.4983 	DATA 	Keypress: t
95.6654 	DATA 	Keypress: t
95.8659 	DATA 	Keypress: t
96.0330 	DATA 	Keypress: t
96.2002 	DATA 	Keypress: t
96.3673 	DATA 	Keypress: t
96.5345 	DATA 	Keypress: t
96.7016 	DATA 	Keypress: t
96.7018 	DATA 	win A
96.9021 	DATA 	Keypress: t
97.0691 	DATA 	Keypress: t
97.4369 	DATA 	Keypress: t
97.6040 	DATA 	Keypress: t
97.7954 	DATA 	Keypress: t
97.9883 	DATA 	Keypress: t
98.6233 	DATA 	Keypress: t
98.7905 	DATA 	Keypress: t
98.9575 	DATA 	Keypress: t
99.2583 	DATA 	Keypress: t
99.6260 	DATA 	Keypress: t
99.9268 	DATA 	Keypress: t
100.1609 	DATA 	Keypress: t
100.5619 	DATA 	Keypress: t
100.7623 	DATA 	Keypress: t
100.7633 	DATA 	correct
104.4056 	DATA 	Keypress: t
104.5725 	DATA 	Keypress: t
104.7398 	DATA 	Keypress: t
104.9067 	DATA 	Keypress: t
105.0405 	DATA 	Keypress: t
105.2076 	DATA 	Keypress: t
105.3413 	DATA 	Keypress: t
105.5083 	DATA 	Keypress: t
105.6755 	DATA 	Keypress: t
105.8427 	DATA 	Keypress: t
105.8429 	DATA 	win A
106.0432 	DATA 	Keypress: t
106.2103 	DATA 	Keypress: t
106.3784 	DATA 	Keypress: t
106.5780 	DATA 	Keypress: t
106.7785 	DATA 	Keypress: t
106.9456 	DATA 	Keypress: t
107.1461 	DATA 	Keypress: t
107.3468 	DATA 	Keypress: t
107.5138 	DATA 	Keypress: t
107.7811 	DATA 	Keypress: t
107.9483 	DATA 	Keypress: t
107.9485 	DATA 	win A
108.0820 	DATA 	Keypress: t
108.2826 	DATA 	Keypress: t
108.4162 	DATA 	Keypress: t
108.6167 	DATA 	Keypress: t
108.8173 	DATA 	Keypress: t
109.0512 	DATA 	Keypress: t
109.2185 	DATA 	Keypress: t
109.4189 	DATA 	Keypress: t
109.6195 	DATA 	Keypress: t
109.7864 	DATA 	Keypress: t
109.9537 	DATA 	Keypress: t
110.1542 	DATA 	Keypress: t
110.3882 	DATA 	Keypress: t
110.5554 	DATA 	Keypress: t
110.5556 	DATA 	win A
110.7226 	DATA 	Keypress: t
110.9229 	DATA 	Keypress: t
111.1235 	DATA 	Keypress: t
111.2906 	DATA 	Keypress: t
111.4577 	DATA 	Keypress: t
111.6474 	DATA 	Keypress: t
111.8421 	DATA 	Keypress: t
112.0092 	DATA 	Keypress: t
112.1763 	DATA 	Keypress: t
112.3769 	DATA 	Keypress: t
112.5773 	DATA 	Keypress: t
112.7789 	DATA 	Keypress: t
112.9784 	DATA 	Keypress: t
113.1455 	DATA 	Keypress: t
113.3126 	DATA 	Keypress: t
113.5132 	DATA 	Keypress: t
113.7138 	DATA 	Keypress: t
113.9143 	DATA 	Keypress: t
114.1483 	DATA 	Keypress: t
114.3822 	DATA 	Keypress: t
114.5827 	DATA 	Keypress: t
114.7833 	DATA 	Keypress: t
114.7844 	DATA 	correct
114.9837 	DATA 	Keypress: t
115.1844 	DATA 	Keypress: t
115.3849 	DATA 	Keypress: t
115.5520 	DATA 	Keypress: t
115.8054 	DATA 	Keypress: t
116.0365 	DATA 	Keypress: t
116.2371 	DATA 	Keypress: t
116.4378 	DATA 	Keypress: t
116.6049 	DATA 	Keypress: t
116.8053 	DATA 	Keypress: t
117.0059 	DATA 	Keypress: t
117.1729 	DATA 	Keypress: t
117.1731 	DATA 	win A
117.3735 	DATA 	Keypress: t
117.5407 	DATA 	Keypress: t
117.7412 	DATA 	Keypress: t
117.9083 	DATA 	Keypress: t
118.1089 	DATA 	Keypress: t
118.2759 	DATA 	Keypress: t
118.4431 	DATA 	Keypress: t
118.6436 	DATA 	Keypress: t
118.8107 	DATA 	Keypress: t
119.0113 	DATA 	Keypress: t
119.1783 	DATA 	Keypress: t
119.3455 	DATA 	Keypress: t
119.8135 	DATA 	Keypress: t
119.8137 	DATA 	win A
120.0139 	DATA 	Keypress: t
120.1810 	DATA 	Keypress: t
120.3816 	DATA 	Keypress: t
120.5153 	DATA 	Keypress: t
120.7158 	DATA 	Keypress: t
120.8829 	DATA 	Keypress: t
121.0501 	DATA 	Keypress: t
121.2507 	DATA 	Keypress: t
121.4512 	DATA 	Keypress: t
121.6182 	DATA 	Keypress: t
121.7853 	DATA 	Keypress: t
121.9859 	DATA 	Keypress: t
122.1864 	DATA 	Keypress: t
122.3536 	DATA 	Keypress: t
122.3538 	DATA 	win A
122.5541 	DATA 	Keypress: t
122.7211 	DATA 	Keypress: t
122.9217 	DATA 	Keypress: t
123.1223 	DATA 	Keypress: t
123.2894 	DATA 	Keypress: t
123.4450 	DATA 	Keypress: t
123.6737 	DATA 	Keypress: t
123.8743 	DATA 	Keypress: t
124.0748 	DATA 	Keypress: t
124.2754 	DATA 	Keypress: t
124.4425 	DATA 	Keypress: t
124.6764 	DATA 	Keypress: t
124.9438 	DATA 	Keypress: t
125.0775 	DATA 	Keypress: t
125.2781 	DATA 	Keypress: t
125.4786 	DATA 	Keypress: t
125.6457 	DATA 	Keypress: t
125.8126 	DATA 	Keypress: t
126.0134 	DATA 	Keypress: t
126.1805 	DATA 	Keypress: t
126.3809 	DATA 	Keypress: t
126.6485 	DATA 	Keypress: t
126.6495 	DATA 	correct
126.8490 	DATA 	Keypress: t
127.0829 	DATA 	Keypress: t
127.3168 	DATA 	Keypress: t
127.5174 	DATA 	Keypress: t
127.7178 	DATA 	Keypress: t
127.8850 	DATA 	Keypress: t
128.0855 	DATA 	Keypress: t
128.2861 	DATA 	Keypress: t
129.0882 	DATA 	Keypress: t
129.2553 	DATA 	Keypress: t
129.4893 	DATA 	Keypress: t
129.6901 	DATA 	Keypress: t
129.6903 	DATA 	win A
129.8904 	DATA 	Keypress: t
130.0908 	DATA 	Keypress: t
130.3248 	DATA 	Keypress: t
130.6592 	DATA 	Keypress: t
130.8596 	DATA 	Keypress: t
131.0936 	DATA 	Keypress: t
131.2607 	DATA 	Keypress: t
131.4613 	DATA 	Keypress: t
131.6618 	DATA 	Keypress: t
131.8622 	DATA 	Keypress: t
132.0294 	DATA 	Keypress: t
132.2300 	DATA 	Keypress: t
132.3971 	DATA 	Keypress: t
132.5976 	DATA 	Keypress: t
132.5978 	DATA 	win A
132.8316 	DATA 	Keypress: t
133.0322 	DATA 	Keypress: t
133.1992 	DATA 	Keypress: t
133.3998 	DATA 	Keypress: t
133.5669 	DATA 	Keypress: t
133.7675 	DATA 	Keypress: t
133.9346 	DATA 	Keypress: t
134.1351 	DATA 	Keypress: t
134.3357 	DATA 	Keypress: t
134.5028 	DATA 	Keypress: t
134.7032 	DATA 	Keypress: t
134.7035 	DATA 	win A
134.9038 	DATA 	Keypress: t
135.1378 	DATA 	Keypress: t
135.3383 	DATA 	Keypress: t
135.5723 	DATA 	Keypress: t
135.7948 	DATA 	Keypress: t
136.0235 	DATA 	Keypress: t
136.5916 	DATA 	Keypress: v
137.9621 	DATA 	Keypress: t
138.5971 	DATA 	Keypress: t
138.9312 	DATA 	Keypress: t
138.9322 	DATA 	correct
140.6359 	DATA 	Keypress: v
140.8030 	DATA 	Keypress: v
141.0035 	DATA 	Keypress: v
141.1372 	DATA 	Keypress: v
141.3376 	DATA 	Keypress: v
141.5048 	DATA 	Keypress: v
141.5051 	DATA 	win B
141.7054 	DATA 	Keypress: v
142.3069 	DATA 	Keypress: v
142.4741 	DATA 	Keypress: v
142.6411 	DATA 	Keypress: v
142.8418 	DATA 	Keypress: v
143.0088 	DATA 	Keypress: v
143.1760 	DATA 	Keypress: v
143.3765 	DATA 	Keypress: v
143.5770 	DATA 	Keypress: v
143.5773 	DATA 	win B
143.7442 	DATA 	Keypress: v
143.9447 	DATA 	Keypress: v
144.1118 	DATA 	Keypress: v
144.3123 	DATA 	Keypress: v
144.5129 	DATA 	Keypress: v
144.6799 	DATA 	Keypress: v
144.8805 	DATA 	Keypress: v
145.0477 	DATA 	Keypress: v
145.2147 	DATA 	Keypress: v
145.4152 	DATA 	Keypress: v
145.6159 	DATA 	Keypress: v
145.8498 	DATA 	Keypress: v
146.0169 	DATA 	Keypress: v
146.2173 	DATA 	Keypress: v
146.2176 	DATA 	win B
146.3846 	DATA 	Keypress: v
146.5851 	DATA 	Keypress: v
146.7523 	DATA 	Keypress: v
146.9528 	DATA 	Keypress: v
147.1200 	DATA 	Keypress: v
147.3145 	DATA 	Keypress: v
147.5044 	DATA 	Keypress: v
147.6713 	DATA 	Keypress: v
147.8717 	DATA 	Keypress: v
148.0390 	DATA 	Keypress: v
148.2395 	DATA 	Keypress: v
148.6405 	DATA 	Keypress: v
148.7742 	DATA 	Keypress: v
148.9748 	DATA 	Keypress: v
149.1419 	DATA 	Keypress: v
149.3425 	DATA 	Keypress: v
149.5096 	DATA 	Keypress: v
149.7102 	DATA 	Keypress: v
149.9774 	DATA 	Keypress: v
150.1781 	DATA 	Keypress: v
150.7463 	DATA 	Keypress: v
150.7473 	DATA 	correct
151.9829 	DATA 	Keypress: v
152.1835 	DATA 	Keypress: v
152.3505 	DATA 	Keypress: v
152.5511 	DATA 	Keypress: v
152.7515 	DATA 	Keypress: v
152.9521 	DATA 	Keypress: v
153.1193 	DATA 	Keypress: v
153.5872 	DATA 	Keypress: v
153.7877 	DATA 	Keypress: v
153.9883 	DATA 	Keypress: v
153.9886 	DATA 	win B
154.1888 	DATA 	Keypress: v
154.3893 	DATA 	Keypress: v
154.5898 	DATA 	Keypress: v
154.7904 	DATA 	Keypress: v
155.0244 	DATA 	Keypress: v
155.2249 	DATA 	Keypress: v
155.4589 	DATA 	Keypress: v
155.6928 	DATA 	Keypress: v
155.9268 	DATA 	Keypress: v
156.1608 	DATA 	Keypress: v
156.6286 	DATA 	Keypress: v
156.7958 	DATA 	Keypress: v
157.0297 	DATA 	Keypress: v
157.2637 	DATA 	Keypress: v
157.2640 	DATA 	win B
157.5310 	DATA 	Keypress: v
157.9990 	DATA 	Keypress: v
158.2669 	DATA 	Keypress: v
158.5003 	DATA 	Keypress: v
158.7009 	DATA 	Keypress: v
158.9682 	DATA 	Keypress: v
159.1689 	DATA 	Keypress: v
159.3694 	DATA 	Keypress: v
159.3697 	DATA 	win B
159.5364 	DATA 	Keypress: v
159.9376 	DATA 	Keypress: v
160.1381 	DATA 	Keypress: v
160.3385 	DATA 	Keypress: v
160.5726 	DATA 	Keypress: v
160.7731 	DATA 	Keypress: v
160.9401 	DATA 	Keypress: v
161.1742 	DATA 	Keypress: v
161.4415 	DATA 	Keypress: v
161.6421 	DATA 	Keypress: v
162.1434 	DATA 	Keypress: v
162.3106 	DATA 	Keypress: v
162.5111 	DATA 	Keypress: v
162.7450 	DATA 	Keypress: v
162.9456 	DATA 	Keypress: v
163.1461 	DATA 	Keypress: v
163.3477 	DATA 	Keypress: v
163.5484 	DATA 	Keypress: v
163.5813 	DATA 	correct
